[    7019ms] [WARNING] Image with src "/partners/unicef-logo.png" has either width or height modified, but not the other. If you use CSS to change the size of your image, also include the styles 'width: "auto"' or 'height: "auto"' to maintain the aspect ratio. @ http://localhost:3000/_next/static/chunks/d0cdd_next_dist_a61a7170._.js:2287
[    7037ms] [WARNING] Image with src "/partners/save-the-children-logo.png" has either width or height modified, but not the other. If you use CSS to change the size of your image, also include the styles 'width: "auto"' or 'height: "auto"' to maintain the aspect ratio. @ http://localhost:3000/_next/static/chunks/d0cdd_next_dist_a61a7170._.js:2287
[   47641ms] Error: Objects are not valid as a React child (found: object with keys {flag, name}). If you meant to render a collection of children, use an array instead.
    at throwOnInvalidObjectTypeImpl (http://localhost:3000/_next/static/chunks/d0cdd_next_dist_compiled_react-dom_eb95f510._.js:3945:15)
    at throwOnInvalidObjectType (http://localhost:3000/_next/static/chunks/d0cdd_next_dist_compiled_react-dom_eb95f510._.js:3949:110)
    at createChild (http://localhost:3000/_next/static/chunks/d0cdd_next_dist_compiled_react-dom_eb95f510._.js:4052:17)
    at reconcileChildrenArray (http://localhost:3000/_next/static/chunks/d0cdd_next_dist_compiled_react-dom_eb95f510._.js:4152:72)
    at reconcileChildFibersImpl (http://localhost:3000/_next/static/chunks/d0cdd_next_dist_compiled_react-dom_eb95f510._.js:4259:117)
    at http://localhost:3000/_next/static/chunks/d0cdd_next_dist_compiled_react-dom_eb95f510._.js:4286:39
    at reconcileChildren (http://localhost:3000/_next/static/chunks/d0cdd_next_dist_compiled_react-dom_eb95f510._.js:5923:51)
    at beginWork (http://localhost:3000/_next/static/chunks/d0cdd_next_dist_compiled_react-dom_eb95f510._.js:6769:1573)
    at runWithFiberInDEV (http://localhost:3000/_next/static/chunks/d0cdd_next_dist_compiled_react-dom_eb95f510._.js:959:74)
    at performUnitOfWork (http://localhost:3000/_next/static/chunks/d0cdd_next_dist_compiled_react-dom_eb95f510._.js:9556:97)
    at workLoopSync (http://localhost:3000/_next/static/chunks/d0cdd_next_dist_compiled_react-dom_eb95f510._.js:9450:40)
    at renderRootSync (http://localhost:3000/_next/static/chunks/d0cdd_next_dist_compiled_react-dom_eb95f510._.js:9434:13)
    at performWorkOnRoot (http://localhost:3000/_next/static/chunks/d0cdd_next_dist_compiled_react-dom_eb95f510._.js:9099:47)
    at performWorkOnRootViaSchedulerTask (http://localhost:3000/_next/static/chunks/d0cdd_next_dist_compiled_react-dom_eb95f510._.js:10224:9)
    at MessagePort.performWorkUntilDeadline (http://localhost:3000/_next/static/chunks/d0cdd_next_dist_compiled_12add5d0._.js:2647:64)
[   53267ms] Error: Objects are not valid as a React child (found: object with keys {flag, name}). If you meant to render a collection of children, use an array instead.
    at throwOnInvalidObjectTypeImpl (http://localhost:3000/_next/static/chunks/d0cdd_next_dist_compiled_react-dom_eb95f510._.js:3945:15)
    at throwOnInvalidObjectType (http://localhost:3000/_next/static/chunks/d0cdd_next_dist_compiled_react-dom_eb95f510._.js:3949:110)
    at createChild (http://localhost:3000/_next/static/chunks/d0cdd_next_dist_compiled_react-dom_eb95f510._.js:4052:17)
    at reconcileChildrenArray (http://localhost:3000/_next/static/chunks/d0cdd_next_dist_compiled_react-dom_eb95f510._.js:4152:72)
    at reconcileChildFibersImpl (http://localhost:3000/_next/static/chunks/d0cdd_next_dist_compiled_react-dom_eb95f510._.js:4259:117)
    at http://localhost:3000/_next/static/chunks/d0cdd_next_dist_compiled_react-dom_eb95f510._.js:4286:39
    at reconcileChildren (http://localhost:3000/_next/static/chunks/d0cdd_next_dist_compiled_react-dom_eb95f510._.js:5923:51)
    at beginWork (http://localhost:3000/_next/static/chunks/d0cdd_next_dist_compiled_react-dom_eb95f510._.js:6769:1573)
    at runWithFiberInDEV (http://localhost:3000/_next/static/chunks/d0cdd_next_dist_compiled_react-dom_eb95f510._.js:959:74)
    at performUnitOfWork (http://localhost:3000/_next/static/chunks/d0cdd_next_dist_compiled_react-dom_eb95f510._.js:9556:97)
    at workLoopSync (http://localhost:3000/_next/static/chunks/d0cdd_next_dist_compiled_react-dom_eb95f510._.js:9450:40)
    at renderRootSync (http://localhost:3000/_next/static/chunks/d0cdd_next_dist_compiled_react-dom_eb95f510._.js:9434:13)
    at performWorkOnRoot (http://localhost:3000/_next/static/chunks/d0cdd_next_dist_compiled_react-dom_eb95f510._.js:9099:47)
    at performWorkOnRootViaSchedulerTask (http://localhost:3000/_next/static/chunks/d0cdd_next_dist_compiled_react-dom_eb95f510._.js:10224:9)
    at MessagePort.performWorkUntilDeadline (http://localhost:3000/_next/static/chunks/d0cdd_next_dist_compiled_12add5d0._.js:2647:64)
[   67389ms] [ERROR] Functions are not valid as a React child. This may happen if you return %s instead of <%s /> from render. Or maybe you meant to call this function rather than return it.
  <%s>{%s}</%s> transformed transformed h1 transformed h1 @ http://localhost:3000/_next/static/chunks/d0cdd_next_dist_a61a7170._.js:3117
[   67429ms] [WARNING] Image with src "/crc/icons/article-12.png" has either width or height modified, but not the other. If you use CSS to change the size of your image, also include the styles 'width: "auto"' or 'height: "auto"' to maintain the aspect ratio. @ http://localhost:3000/_next/static/chunks/d0cdd_next_dist_a61a7170._.js:2287
[   73951ms] Error: Objects are not valid as a React child (found: object with keys {flag, name}). If you meant to render a collection of children, use an array instead.
    at throwOnInvalidObjectTypeImpl (http://localhost:3000/_next/static/chunks/d0cdd_next_dist_compiled_react-dom_eb95f510._.js:3945:15)
    at throwOnInvalidObjectType (http://localhost:3000/_next/static/chunks/d0cdd_next_dist_compiled_react-dom_eb95f510._.js:3949:110)
    at createChild (http://localhost:3000/_next/static/chunks/d0cdd_next_dist_compiled_react-dom_eb95f510._.js:4052:17)
    at reconcileChildrenArray (http://localhost:3000/_next/static/chunks/d0cdd_next_dist_compiled_react-dom_eb95f510._.js:4152:72)
    at reconcileChildFibersImpl (http://localhost:3000/_next/static/chunks/d0cdd_next_dist_compiled_react-dom_eb95f510._.js:4259:117)
    at http://localhost:3000/_next/static/chunks/d0cdd_next_dist_compiled_react-dom_eb95f510._.js:4286:39
    at reconcileChildren (http://localhost:3000/_next/static/chunks/d0cdd_next_dist_compiled_react-dom_eb95f510._.js:5923:51)
    at beginWork (http://localhost:3000/_next/static/chunks/d0cdd_next_dist_compiled_react-dom_eb95f510._.js:6769:1573)
    at runWithFiberInDEV (http://localhost:3000/_next/static/chunks/d0cdd_next_dist_compiled_react-dom_eb95f510._.js:959:74)
    at performUnitOfWork (http://localhost:3000/_next/static/chunks/d0cdd_next_dist_compiled_react-dom_eb95f510._.js:9556:97)
    at workLoopSync (http://localhost:3000/_next/static/chunks/d0cdd_next_dist_compiled_react-dom_eb95f510._.js:9450:40)
    at renderRootSync (http://localhost:3000/_next/static/chunks/d0cdd_next_dist_compiled_react-dom_eb95f510._.js:9434:13)
    at performWorkOnRoot (http://localhost:3000/_next/static/chunks/d0cdd_next_dist_compiled_react-dom_eb95f510._.js:9099:47)
    at performWorkOnRootViaSchedulerTask (http://localhost:3000/_next/static/chunks/d0cdd_next_dist_compiled_react-dom_eb95f510._.js:10224:9)
    at MessagePort.performWorkUntilDeadline (http://localhost:3000/_next/static/chunks/d0cdd_next_dist_compiled_12add5d0._.js:2647:64)
[  234916ms] [WARNING] Image with src "/partners/save-the-children-logo.png" has either width or height modified, but not the other. If you use CSS to change the size of your image, also include the styles 'width: "auto"' or 'height: "auto"' to maintain the aspect ratio. @ http://localhost:3000/_next/static/chunks/d0cdd_next_dist_a61a7170._.js:2287
[  234918ms] [WARNING] Image with src "/partners/unicef-logo.png" has either width or height modified, but not the other. If you use CSS to change the size of your image, also include the styles 'width: "auto"' or 'height: "auto"' to maintain the aspect ratio. @ http://localhost:3000/_next/static/chunks/d0cdd_next_dist_a61a7170._.js:2287
[  258039ms] Error: Objects are not valid as a React child (found: object with keys {flag, name}). If you meant to render a collection of children, use an array instead.
    at throwOnInvalidObjectTypeImpl (http://localhost:3000/_next/static/chunks/d0cdd_next_dist_compiled_react-dom_eb95f510._.js:3945:15)
    at throwOnInvalidObjectType (http://localhost:3000/_next/static/chunks/d0cdd_next_dist_compiled_react-dom_eb95f510._.js:3949:110)
    at createChild (http://localhost:3000/_next/static/chunks/d0cdd_next_dist_compiled_react-dom_eb95f510._.js:4052:17)
    at reconcileChildrenArray (http://localhost:3000/_next/static/chunks/d0cdd_next_dist_compiled_react-dom_eb95f510._.js:4152:72)
    at reconcileChildFibersImpl (http://localhost:3000/_next/static/chunks/d0cdd_next_dist_compiled_react-dom_eb95f510._.js:4259:117)
    at http://localhost:3000/_next/static/chunks/d0cdd_next_dist_compiled_react-dom_eb95f510._.js:4286:39
    at reconcileChildren (http://localhost:3000/_next/static/chunks/d0cdd_next_dist_compiled_react-dom_eb95f510._.js:5923:51)
    at beginWork (http://localhost:3000/_next/static/chunks/d0cdd_next_dist_compiled_react-dom_eb95f510._.js:6769:1573)
    at runWithFiberInDEV (http://localhost:3000/_next/static/chunks/d0cdd_next_dist_compiled_react-dom_eb95f510._.js:959:74)
    at performUnitOfWork (http://localhost:3000/_next/static/chunks/d0cdd_next_dist_compiled_react-dom_eb95f510._.js:9556:97)
    at workLoopSync (http://localhost:3000/_next/static/chunks/d0cdd_next_dist_compiled_react-dom_eb95f510._.js:9450:40)
    at renderRootSync (http://localhost:3000/_next/static/chunks/d0cdd_next_dist_compiled_react-dom_eb95f510._.js:9434:13)
    at performWorkOnRoot (http://localhost:3000/_next/static/chunks/d0cdd_next_dist_compiled_react-dom_eb95f510._.js:9099:47)
    at performWorkOnRootViaSchedulerTask (http://localhost:3000/_next/static/chunks/d0cdd_next_dist_compiled_react-dom_eb95f510._.js:10224:9)
    at MessagePort.performWorkUntilDeadline (http://localhost:3000/_next/static/chunks/d0cdd_next_dist_compiled_12add5d0._.js:2647:64)
[  345986ms] Error: Objects are not valid as a React child (found: object with keys {flag, name}). If you meant to render a collection of children, use an array instead.
    at throwOnInvalidObjectTypeImpl (http://localhost:3000/_next/static/chunks/d0cdd_next_dist_compiled_react-dom_eb95f510._.js:3945:15)
    at throwOnInvalidObjectType (http://localhost:3000/_next/static/chunks/d0cdd_next_dist_compiled_react-dom_eb95f510._.js:3949:110)
    at createChild (http://localhost:3000/_next/static/chunks/d0cdd_next_dist_compiled_react-dom_eb95f510._.js:4052:17)
    at reconcileChildrenArray (http://localhost:3000/_next/static/chunks/d0cdd_next_dist_compiled_react-dom_eb95f510._.js:4152:72)
    at reconcileChildFibersImpl (http://localhost:3000/_next/static/chunks/d0cdd_next_dist_compiled_react-dom_eb95f510._.js:4259:117)
    at http://localhost:3000/_next/static/chunks/d0cdd_next_dist_compiled_react-dom_eb95f510._.js:4286:39
    at reconcileChildren (http://localhost:3000/_next/static/chunks/d0cdd_next_dist_compiled_react-dom_eb95f510._.js:5923:51)
    at beginWork (http://localhost:3000/_next/static/chunks/d0cdd_next_dist_compiled_react-dom_eb95f510._.js:6769:1573)
    at runWithFiberInDEV (http://localhost:3000/_next/static/chunks/d0cdd_next_dist_compiled_react-dom_eb95f510._.js:959:74)
    at performUnitOfWork (http://localhost:3000/_next/static/chunks/d0cdd_next_dist_compiled_react-dom_eb95f510._.js:9556:97)
    at workLoopSync (http://localhost:3000/_next/static/chunks/d0cdd_next_dist_compiled_react-dom_eb95f510._.js:9450:40)
    at renderRootSync (http://localhost:3000/_next/static/chunks/d0cdd_next_dist_compiled_react-dom_eb95f510._.js:9434:13)
    at performWorkOnRoot (http://localhost:3000/_next/static/chunks/d0cdd_next_dist_compiled_react-dom_eb95f510._.js:9099:47)
    at performWorkOnRootViaSchedulerTask (http://localhost:3000/_next/static/chunks/d0cdd_next_dist_compiled_react-dom_eb95f510._.js:10224:9)
    at MessagePort.performWorkUntilDeadline (http://localhost:3000/_next/static/chunks/d0cdd_next_dist_compiled_12add5d0._.js:2647:64)
[  346566ms] Error: Objects are not valid as a React child (found: object with keys {flag, name}). If you meant to render a collection of children, use an array instead.
    at throwOnInvalidObjectTypeImpl (http://localhost:3000/_next/static/chunks/d0cdd_next_dist_compiled_react-dom_eb95f510._.js:3945:15)
    at throwOnInvalidObjectType (http://localhost:3000/_next/static/chunks/d0cdd_next_dist_compiled_react-dom_eb95f510._.js:3949:110)
    at createChild (http://localhost:3000/_next/static/chunks/d0cdd_next_dist_compiled_react-dom_eb95f510._.js:4052:17)
    at reconcileChildrenArray (http://localhost:3000/_next/static/chunks/d0cdd_next_dist_compiled_react-dom_eb95f510._.js:4152:72)
    at reconcileChildFibersImpl (http://localhost:3000/_next/static/chunks/d0cdd_next_dist_compiled_react-dom_eb95f510._.js:4259:117)
    at http://localhost:3000/_next/static/chunks/d0cdd_next_dist_compiled_react-dom_eb95f510._.js:4286:39
    at reconcileChildren (http://localhost:3000/_next/static/chunks/d0cdd_next_dist_compiled_react-dom_eb95f510._.js:5923:51)
    at beginWork (http://localhost:3000/_next/static/chunks/d0cdd_next_dist_compiled_react-dom_eb95f510._.js:6769:1573)
    at runWithFiberInDEV (http://localhost:3000/_next/static/chunks/d0cdd_next_dist_compiled_react-dom_eb95f510._.js:959:74)
    at performUnitOfWork (http://localhost:3000/_next/static/chunks/d0cdd_next_dist_compiled_react-dom_eb95f510._.js:9556:97)
    at workLoopSync (http://localhost:3000/_next/static/chunks/d0cdd_next_dist_compiled_react-dom_eb95f510._.js:9450:40)
    at renderRootSync (http://localhost:3000/_next/static/chunks/d0cdd_next_dist_compiled_react-dom_eb95f510._.js:9434:13)
    at performWorkOnRoot (http://localhost:3000/_next/static/chunks/d0cdd_next_dist_compiled_react-dom_eb95f510._.js:9099:47)
    at performWorkOnRootViaSchedulerTask (http://localhost:3000/_next/static/chunks/d0cdd_next_dist_compiled_react-dom_eb95f510._.js:10224:9)
    at MessagePort.performWorkUntilDeadline (http://localhost:3000/_next/static/chunks/d0cdd_next_dist_compiled_12add5d0._.js:2647:64)
[  349971ms] Error: Objects are not valid as a React child (found: object with keys {flag, name}). If you meant to render a collection of children, use an array instead.
    at throwOnInvalidObjectTypeImpl (http://localhost:3000/_next/static/chunks/d0cdd_next_dist_compiled_react-dom_eb95f510._.js:3945:15)
    at throwOnInvalidObjectType (http://localhost:3000/_next/static/chunks/d0cdd_next_dist_compiled_react-dom_eb95f510._.js:3949:110)
    at createChild (http://localhost:3000/_next/static/chunks/d0cdd_next_dist_compiled_react-dom_eb95f510._.js:4052:17)
    at reconcileChildrenArray (http://localhost:3000/_next/static/chunks/d0cdd_next_dist_compiled_react-dom_eb95f510._.js:4152:72)
    at reconcileChildFibersImpl (http://localhost:3000/_next/static/chunks/d0cdd_next_dist_compiled_react-dom_eb95f510._.js:4259:117)
    at http://localhost:3000/_next/static/chunks/d0cdd_next_dist_compiled_react-dom_eb95f510._.js:4286:39
    at reconcileChildren (http://localhost:3000/_next/static/chunks/d0cdd_next_dist_compiled_react-dom_eb95f510._.js:5923:51)
    at beginWork (http://localhost:3000/_next/static/chunks/d0cdd_next_dist_compiled_react-dom_eb95f510._.js:6769:1573)
    at runWithFiberInDEV (http://localhost:3000/_next/static/chunks/d0cdd_next_dist_compiled_react-dom_eb95f510._.js:959:74)
    at performUnitOfWork (http://localhost:3000/_next/static/chunks/d0cdd_next_dist_compiled_react-dom_eb95f510._.js:9556:97)
    at workLoopSync (http://localhost:3000/_next/static/chunks/d0cdd_next_dist_compiled_react-dom_eb95f510._.js:9450:40)
    at renderRootSync (http://localhost:3000/_next/static/chunks/d0cdd_next_dist_compiled_react-dom_eb95f510._.js:9434:13)
    at performWorkOnRoot (http://localhost:3000/_next/static/chunks/d0cdd_next_dist_compiled_react-dom_eb95f510._.js:9099:47)
    at performWorkOnRootViaSchedulerTask (http://localhost:3000/_next/static/chunks/d0cdd_next_dist_compiled_react-dom_eb95f510._.js:10224:9)
    at MessagePort.performWorkUntilDeadline (http://localhost:3000/_next/static/chunks/d0cdd_next_dist_compiled_12add5d0._.js:2647:64)
[  376528ms] [WARNING] [Fast Refresh] performing full reload because your application had an unrecoverable error @ http://localhost:3000/_next/static/chunks/d0cdd_next_dist_a61a7170._.js:2287
[  377073ms] [ERROR] IntlError: MISSING_MESSAGE: Could not resolve `dashboard.yourSchool` in messages for locale `en`.
    at getFallbackFromErrorAndNotify (http://localhost:3000/_next/static/chunks/d0cdd_4ffba7b3._.js:4168:23)
    at translateBaseFn (http://localhost:3000/_next/static/chunks/d0cdd_4ffba7b3._.js:4198:28)
    at translateFn (http://localhost:3000/_next/static/chunks/d0cdd_4ffba7b3._.js:4226:24)
    at http://localhost:3000/_next/static/chunks/Partner-Onboarding-3_8a00a553._.js:3712:67
    at Array.map (<anonymous>)
    at CoordinatorSchoolPage (http://localhost:3000/_next/static/chunks/Partner-Onboarding-3_8a00a553._.js:3671:40)
    at Object.react_stack_bottom_frame (http://localhost:3000/_next/static/chunks/d0cdd_next_dist_compiled_react-dom_eb95f510._.js:14816:24)
    at renderWithHooks (http://localhost:3000/_next/static/chunks/d0cdd_next_dist_compiled_react-dom_eb95f510._.js:4645:24)
    at updateFunctionComponent (http://localhost:3000/_next/static/chunks/d0cdd_next_dist_compiled_react-dom_eb95f510._.js:6106:21)
    at beginWork (http://localhost:3000/_next/static/chunks/d0cdd_next_dist_compiled_react-dom_eb95f510._.js:6702:24)
    at runWithFiberInDEV (http://localhost:3000/_next/static/chunks/d0cdd_next_dist_compiled_react-dom_eb95f510._.js:959:74)
    at performUnitOfWork (http://localhost:3000/_next/static/chunks/d0cdd_next_dist_compiled_react-dom_eb95f510._.js:9556:97)
    at workLoopSync (http://localhost:3000/_next/static/chunks/d0cdd_next_dist_compiled_react-dom_eb95f510._.js:9450:40)
    at renderRootSync (http://localhost:3000/_next/static/chunks/d0cdd_next_dist_compiled_react-dom_eb95f510._.js:9434:13)
    at performWorkOnRoot (http://localhost:3000/_next/static/chunks/d0cdd_next_dist_compiled_react-dom_eb95f510._.js:9062:186)
    at performWorkOnRootViaSchedulerTask (http://localhost:3000/_next/static/chunks/d0cdd_next_dist_compiled_react-dom_eb95f510._.js:10224:9)
    at MessagePort.performWorkUntilDeadline (http://localhost:3000/_next/static/chunks/d0cdd_next_dist_compiled_12add5d0._.js:2647:64) @ http://localhost:3000/_next/static/chunks/d0cdd_next_dist_a61a7170._.js:3117
[  377074ms] [ERROR] IntlError: MISSING_MESSAGE: Could not resolve `dashboard.yourSchool` in messages for locale `en`.
    at getFallbackFromErrorAndNotify (http://localhost:3000/_next/static/chunks/d0cdd_4ffba7b3._.js:4168:23)
    at translateBaseFn (http://localhost:3000/_next/static/chunks/d0cdd_4ffba7b3._.js:4198:28)
    at translateFn (http://localhost:3000/_next/static/chunks/d0cdd_4ffba7b3._.js:4226:24)
    at http://localhost:3000/_next/static/chunks/Partner-Onboarding-3_8a00a553._.js:3712:67
    at Array.map (<anonymous>)
    at CoordinatorSchoolPage (http://localhost:3000/_next/static/chunks/Partner-Onboarding-3_8a00a553._.js:3671:40)
    at Object.react_stack_bottom_frame (http://localhost:3000/_next/static/chunks/d0cdd_next_dist_compiled_react-dom_eb95f510._.js:14816:24)
    at renderWithHooks (http://localhost:3000/_next/static/chunks/d0cdd_next_dist_compiled_react-dom_eb95f510._.js:4645:24)
    at updateFunctionComponent (http://localhost:3000/_next/static/chunks/d0cdd_next_dist_compiled_react-dom_eb95f510._.js:6106:21)
    at beginWork (http://localhost:3000/_next/static/chunks/d0cdd_next_dist_compiled_react-dom_eb95f510._.js:6702:24)
    at runWithFiberInDEV (http://localhost:3000/_next/static/chunks/d0cdd_next_dist_compiled_react-dom_eb95f510._.js:959:74)
    at performUnitOfWork (http://localhost:3000/_next/static/chunks/d0cdd_next_dist_compiled_react-dom_eb95f510._.js:9556:97)
    at workLoopSync (http://localhost:3000/_next/static/chunks/d0cdd_next_dist_compiled_react-dom_eb95f510._.js:9450:40)
    at renderRootSync (http://localhost:3000/_next/static/chunks/d0cdd_next_dist_compiled_react-dom_eb95f510._.js:9434:13)
    at performWorkOnRoot (http://localhost:3000/_next/static/chunks/d0cdd_next_dist_compiled_react-dom_eb95f510._.js:9062:186)
    at performWorkOnRootViaSchedulerTask (http://localhost:3000/_next/static/chunks/d0cdd_next_dist_compiled_react-dom_eb95f510._.js:10224:9)
    at MessagePort.performWorkUntilDeadline (http://localhost:3000/_next/static/chunks/d0cdd_next_dist_compiled_12add5d0._.js:2647:64) @ http://localhost:3000/_next/static/chunks/d0cdd_next_dist_a61a7170._.js:3117
[  377074ms] [ERROR] IntlError: MISSING_MESSAGE: Could not resolve `dashboard.yourSchool` in messages for locale `en`.
    at getFallbackFromErrorAndNotify (http://localhost:3000/_next/static/chunks/d0cdd_4ffba7b3._.js:4168:23)
    at translateBaseFn (http://localhost:3000/_next/static/chunks/d0cdd_4ffba7b3._.js:4198:28)
    at translateFn (http://localhost:3000/_next/static/chunks/d0cdd_4ffba7b3._.js:4226:24)
    at http://localhost:3000/_next/static/chunks/Partner-Onboarding-3_8a00a553._.js:3712:67
    at Array.map (<anonymous>)
    at CoordinatorSchoolPage (http://localhost:3000/_next/static/chunks/Partner-Onboarding-3_8a00a553._.js:3671:40)
    at Object.react_stack_bottom_frame (http://localhost:3000/_next/static/chunks/d0cdd_next_dist_compiled_react-dom_eb95f510._.js:14816:24)
    at renderWithHooks (http://localhost:3000/_next/static/chunks/d0cdd_next_dist_compiled_react-dom_eb95f510._.js:4645:24)
    at updateFunctionComponent (http://localhost:3000/_next/static/chunks/d0cdd_next_dist_compiled_react-dom_eb95f510._.js:6106:21)
    at beginWork (http://localhost:3000/_next/static/chunks/d0cdd_next_dist_compiled_react-dom_eb95f510._.js:6702:24)
    at runWithFiberInDEV (http://localhost:3000/_next/static/chunks/d0cdd_next_dist_compiled_react-dom_eb95f510._.js:959:74)
    at performUnitOfWork (http://localhost:3000/_next/static/chunks/d0cdd_next_dist_compiled_react-dom_eb95f510._.js:9556:97)
    at workLoopSync (http://localhost:3000/_next/static/chunks/d0cdd_next_dist_compiled_react-dom_eb95f510._.js:9450:40)
    at renderRootSync (http://localhost:3000/_next/static/chunks/d0cdd_next_dist_compiled_react-dom_eb95f510._.js:9434:13)
    at performWorkOnRoot (http://localhost:3000/_next/static/chunks/d0cdd_next_dist_compiled_react-dom_eb95f510._.js:9062:186)
    at performWorkOnRootViaSchedulerTask (http://localhost:3000/_next/static/chunks/d0cdd_next_dist_compiled_react-dom_eb95f510._.js:10224:9)
    at MessagePort.performWorkUntilDeadline (http://localhost:3000/_next/static/chunks/d0cdd_next_dist_compiled_12add5d0._.js:2647:64) @ http://localhost:3000/_next/static/chunks/d0cdd_next_dist_a61a7170._.js:3117
[  377075ms] [ERROR] IntlError: MISSING_MESSAGE: Could not resolve `dashboard.yourSchool` in messages for locale `en`.
    at getFallbackFromErrorAndNotify (http://localhost:3000/_next/static/chunks/d0cdd_4ffba7b3._.js:4168:23)
    at translateBaseFn (http://localhost:3000/_next/static/chunks/d0cdd_4ffba7b3._.js:4198:28)
    at translateFn (http://localhost:3000/_next/static/chunks/d0cdd_4ffba7b3._.js:4226:24)
    at http://localhost:3000/_next/static/chunks/Partner-Onboarding-3_8a00a553._.js:3712:67
    at Array.map (<anonymous>)
    at CoordinatorSchoolPage (http://localhost:3000/_next/static/chunks/Partner-Onboarding-3_8a00a553._.js:3671:40)
    at Object.react_stack_bottom_frame (http://localhost:3000/_next/static/chunks/d0cdd_next_dist_compiled_react-dom_eb95f510._.js:14816:24)
    at renderWithHooksAgain (http://localhost:3000/_next/static/chunks/d0cdd_next_dist_compiled_react-dom_eb95f510._.js:4700:24)
    at renderWithHooks (http://localhost:3000/_next/static/chunks/d0cdd_next_dist_compiled_react-dom_eb95f510._.js:4651:28)
    at updateFunctionComponent (http://localhost:3000/_next/static/chunks/d0cdd_next_dist_compiled_react-dom_eb95f510._.js:6106:21)
    at beginWork (http://localhost:3000/_next/static/chunks/d0cdd_next_dist_compiled_react-dom_eb95f510._.js:6702:24)
    at runWithFiberInDEV (http://localhost:3000/_next/static/chunks/d0cdd_next_dist_compiled_react-dom_eb95f510._.js:959:74)
    at performUnitOfWork (http://localhost:3000/_next/static/chunks/d0cdd_next_dist_compiled_react-dom_eb95f510._.js:9556:97)
    at workLoopSync (http://localhost:3000/_next/static/chunks/d0cdd_next_dist_compiled_react-dom_eb95f510._.js:9450:40)
    at renderRootSync (http://localhost:3000/_next/static/chunks/d0cdd_next_dist_compiled_react-dom_eb95f510._.js:9434:13)
    at performWorkOnRoot (http://localhost:3000/_next/static/chunks/d0cdd_next_dist_compiled_react-dom_eb95f510._.js:9062:186)
    at performWorkOnRootViaSchedulerTask (http://localhost:3000/_next/static/chunks/d0cdd_next_dist_compiled_react-dom_eb95f510._.js:10224:9)
    at MessagePort.performWorkUntilDeadline (http://localhost:3000/_next/static/chunks/d0cdd_next_dist_compiled_12add5d0._.js:2647:64) @ http://localhost:3000/_next/static/chunks/d0cdd_next_dist_a61a7170._.js:3117
[  377076ms] [ERROR] IntlError: MISSING_MESSAGE: Could not resolve `dashboard.yourSchool` in messages for locale `en`.
    at getFallbackFromErrorAndNotify (http://localhost:3000/_next/static/chunks/d0cdd_4ffba7b3._.js:4168:23)
    at translateBaseFn (http://localhost:3000/_next/static/chunks/d0cdd_4ffba7b3._.js:4198:28)
    at translateFn (http://localhost:3000/_next/static/chunks/d0cdd_4ffba7b3._.js:4226:24)
    at http://localhost:3000/_next/static/chunks/Partner-Onboarding-3_8a00a553._.js:3712:67
    at Array.map (<anonymous>)
    at CoordinatorSchoolPage (http://localhost:3000/_next/static/chunks/Partner-Onboarding-3_8a00a553._.js:3671:40)
    at Object.react_stack_bottom_frame (http://localhost:3000/_next/static/chunks/d0cdd_next_dist_compiled_react-dom_eb95f510._.js:14816:24)
    at renderWithHooksAgain (http://localhost:3000/_next/static/chunks/d0cdd_next_dist_compiled_react-dom_eb95f510._.js:4700:24)
    at renderWithHooks (http://localhost:3000/_next/static/chunks/d0cdd_next_dist_compiled_react-dom_eb95f510._.js:4651:28)
    at updateFunctionComponent (http://localhost:3000/_next/static/chunks/d0cdd_next_dist_compiled_react-dom_eb95f510._.js:6106:21)
    at beginWork (http://localhost:3000/_next/static/chunks/d0cdd_next_dist_compiled_react-dom_eb95f510._.js:6702:24)
    at runWithFiberInDEV (http://localhost:3000/_next/static/chunks/d0cdd_next_dist_compiled_react-dom_eb95f510._.js:959:74)
    at performUnitOfWork (http://localhost:3000/_next/static/chunks/d0cdd_next_dist_compiled_react-dom_eb95f510._.js:9556:97)
    at workLoopSync (http://localhost:3000/_next/static/chunks/d0cdd_next_dist_compiled_react-dom_eb95f510._.js:9450:40)
    at renderRootSync (http://localhost:3000/_next/static/chunks/d0cdd_next_dist_compiled_react-dom_eb95f510._.js:9434:13)
    at performWorkOnRoot (http://localhost:3000/_next/static/chunks/d0cdd_next_dist_compiled_react-dom_eb95f510._.js:9062:186)
    at performWorkOnRootViaSchedulerTask (http://localhost:3000/_next/static/chunks/d0cdd_next_dist_compiled_react-dom_eb95f510._.js:10224:9)
    at MessagePort.performWorkUntilDeadline (http://localhost:3000/_next/static/chunks/d0cdd_next_dist_compiled_12add5d0._.js:2647:64) @ http://localhost:3000/_next/static/chunks/d0cdd_next_dist_a61a7170._.js:3117
[  377076ms] [ERROR] IntlError: MISSING_MESSAGE: Could not resolve `dashboard.yourSchool` in messages for locale `en`.
    at getFallbackFromErrorAndNotify (http://localhost:3000/_next/static/chunks/d0cdd_4ffba7b3._.js:4168:23)
    at translateBaseFn (http://localhost:3000/_next/static/chunks/d0cdd_4ffba7b3._.js:4198:28)
    at translateFn (http://localhost:3000/_next/static/chunks/d0cdd_4ffba7b3._.js:4226:24)
    at http://localhost:3000/_next/static/chunks/Partner-Onboarding-3_8a00a553._.js:3712:67
    at Array.map (<anonymous>)
    at CoordinatorSchoolPage (http://localhost:3000/_next/static/chunks/Partner-Onboarding-3_8a00a553._.js:3671:40)
    at Object.react_stack_bottom_frame (http://localhost:3000/_next/static/chunks/d0cdd_next_dist_compiled_react-dom_eb95f510._.js:14816:24)
    at renderWithHooksAgain (http://localhost:3000/_next/static/chunks/d0cdd_next_dist_compiled_react-dom_eb95f510._.js:4700:24)
    at renderWithHooks (http://localhost:3000/_next/static/chunks/d0cdd_next_dist_compiled_react-dom_eb95f510._.js:4651:28)
    at updateFunctionComponent (http://localhost:3000/_next/static/chunks/d0cdd_next_dist_compiled_react-dom_eb95f510._.js:6106:21)
    at beginWork (http://localhost:3000/_next/static/chunks/d0cdd_next_dist_compiled_react-dom_eb95f510._.js:6702:24)
    at runWithFiberInDEV (http://localhost:3000/_next/static/chunks/d0cdd_next_dist_compiled_react-dom_eb95f510._.js:959:74)
    at performUnitOfWork (http://localhost:3000/_next/static/chunks/d0cdd_next_dist_compiled_react-dom_eb95f510._.js:9556:97)
    at workLoopSync (http://localhost:3000/_next/static/chunks/d0cdd_next_dist_compiled_react-dom_eb95f510._.js:9450:40)
    at renderRootSync (http://localhost:3000/_next/static/chunks/d0cdd_next_dist_compiled_react-dom_eb95f510._.js:9434:13)
    at performWorkOnRoot (http://localhost:3000/_next/static/chunks/d0cdd_next_dist_compiled_react-dom_eb95f510._.js:9062:186)
    at performWorkOnRootViaSchedulerTask (http://localhost:3000/_next/static/chunks/d0cdd_next_dist_compiled_react-dom_eb95f510._.js:10224:9)
    at MessagePort.performWorkUntilDeadline (http://localhost:3000/_next/static/chunks/d0cdd_next_dist_compiled_12add5d0._.js:2647:64) @ http://localhost:3000/_next/static/chunks/d0cdd_next_dist_a61a7170._.js:3117
[  377080ms] [ERROR] IntlError: MISSING_MESSAGE: Could not resolve `dashboard.yourSchool` in messages for locale `en`.
    at getFallbackFromErrorAndNotify (http://localhost:3000/_next/static/chunks/d0cdd_4ffba7b3._.js:4168:23)
    at translateBaseFn (http://localhost:3000/_next/static/chunks/d0cdd_4ffba7b3._.js:4198:28)
    at translateFn (http://localhost:3000/_next/static/chunks/d0cdd_4ffba7b3._.js:4226:24)
    at http://localhost:3000/_next/static/chunks/Partner-Onboarding-3_8a00a553._.js:3712:67
    at Array.map (<anonymous>)
    at CoordinatorSchoolPage (http://localhost:3000/_next/static/chunks/Partner-Onboarding-3_8a00a553._.js:3671:40)
    at Object.react_stack_bottom_frame (http://localhost:3000/_next/static/chunks/d0cdd_next_dist_compiled_react-dom_eb95f510._.js:14816:24)
    at renderWithHooks (http://localhost:3000/_next/static/chunks/d0cdd_next_dist_compiled_react-dom_eb95f510._.js:4645:24)
    at updateFunctionComponent (http://localhost:3000/_next/static/chunks/d0cdd_next_dist_compiled_react-dom_eb95f510._.js:6106:21)
    at beginWork (http://localhost:3000/_next/static/chunks/d0cdd_next_dist_compiled_react-dom_eb95f510._.js:6702:24)
    at runWithFiberInDEV (http://localhost:3000/_next/static/chunks/d0cdd_next_dist_compiled_react-dom_eb95f510._.js:959:74)
    at performUnitOfWork (http://localhost:3000/_next/static/chunks/d0cdd_next_dist_compiled_react-dom_eb95f510._.js:9556:97)
    at workLoopSync (http://localhost:3000/_next/static/chunks/d0cdd_next_dist_compiled_react-dom_eb95f510._.js:9450:40)
    at renderRootSync (http://localhost:3000/_next/static/chunks/d0cdd_next_dist_compiled_react-dom_eb95f510._.js:9434:13)
    at performWorkOnRoot (http://localhost:3000/_next/static/chunks/d0cdd_next_dist_compiled_react-dom_eb95f510._.js:9099:47)
    at performWorkOnRootViaSchedulerTask (http://localhost:3000/_next/static/chunks/d0cdd_next_dist_compiled_react-dom_eb95f510._.js:10224:9)
    at MessagePort.performWorkUntilDeadline (http://localhost:3000/_next/static/chunks/d0cdd_next_dist_compiled_12add5d0._.js:2647:64) @ http://localhost:3000/_next/static/chunks/d0cdd_next_dist_a61a7170._.js:3117
[  377081ms] [ERROR] IntlError: MISSING_MESSAGE: Could not resolve `dashboard.yourSchool` in messages for locale `en`.
    at getFallbackFromErrorAndNotify (http://localhost:3000/_next/static/chunks/d0cdd_4ffba7b3._.js:4168:23)
    at translateBaseFn (http://localhost:3000/_next/static/chunks/d0cdd_4ffba7b3._.js:4198:28)
    at translateFn (http://localhost:3000/_next/static/chunks/d0cdd_4ffba7b3._.js:4226:24)
    at http://localhost:3000/_next/static/chunks/Partner-Onboarding-3_8a00a553._.js:3712:67
    at Array.map (<anonymous>)
    at CoordinatorSchoolPage (http://localhost:3000/_next/static/chunks/Partner-Onboarding-3_8a00a553._.js:3671:40)
    at Object.react_stack_bottom_frame (http://localhost:3000/_next/static/chunks/d0cdd_next_dist_compiled_react-dom_eb95f510._.js:14816:24)
    at renderWithHooks (http://localhost:3000/_next/static/chunks/d0cdd_next_dist_compiled_react-dom_eb95f510._.js:4645:24)
    at updateFunctionComponent (http://localhost:3000/_next/static/chunks/d0cdd_next_dist_compiled_react-dom_eb95f510._.js:6106:21)
    at beginWork (http://localhost:3000/_next/static/chunks/d0cdd_next_dist_compiled_react-dom_eb95f510._.js:6702:24)
    at runWithFiberInDEV (http://localhost:3000/_next/static/chunks/d0cdd_next_dist_compiled_react-dom_eb95f510._.js:959:74)
    at performUnitOfWork (http://localhost:3000/_next/static/chunks/d0cdd_next_dist_compiled_react-dom_eb95f510._.js:9556:97)
    at workLoopSync (http://localhost:3000/_next/static/chunks/d0cdd_next_dist_compiled_react-dom_eb95f510._.js:9450:40)
    at renderRootSync (http://localhost:3000/_next/static/chunks/d0cdd_next_dist_compiled_react-dom_eb95f510._.js:9434:13)
    at performWorkOnRoot (http://localhost:3000/_next/static/chunks/d0cdd_next_dist_compiled_react-dom_eb95f510._.js:9099:47)
    at performWorkOnRootViaSchedulerTask (http://localhost:3000/_next/static/chunks/d0cdd_next_dist_compiled_react-dom_eb95f510._.js:10224:9)
    at MessagePort.performWorkUntilDeadline (http://localhost:3000/_next/static/chunks/d0cdd_next_dist_compiled_12add5d0._.js:2647:64) @ http://localhost:3000/_next/static/chunks/d0cdd_next_dist_a61a7170._.js:3117
[  377081ms] [ERROR] IntlError: MISSING_MESSAGE: Could not resolve `dashboard.yourSchool` in messages for locale `en`.
    at getFallbackFromErrorAndNotify (http://localhost:3000/_next/static/chunks/d0cdd_4ffba7b3._.js:4168:23)
    at translateBaseFn (http://localhost:3000/_next/static/chunks/d0cdd_4ffba7b3._.js:4198:28)
    at translateFn (http://localhost:3000/_next/static/chunks/d0cdd_4ffba7b3._.js:4226:24)
    at http://localhost:3000/_next/static/chunks/Partner-Onboarding-3_8a00a553._.js:3712:67
    at Array.map (<anonymous>)
    at CoordinatorSchoolPage (http://localhost:3000/_next/static/chunks/Partner-Onboarding-3_8a00a553._.js:3671:40)
    at Object.react_stack_bottom_frame (http://localhost:3000/_next/static/chunks/d0cdd_next_dist_compiled_react-dom_eb95f510._.js:14816:24)
    at renderWithHooks (http://localhost:3000/_next/static/chunks/d0cdd_next_dist_compiled_react-dom_eb95f510._.js:4645:24)
    at updateFunctionComponent (http://localhost:3000/_next/static/chunks/d0cdd_next_dist_compiled_react-dom_eb95f510._.js:6106:21)
    at beginWork (http://localhost:3000/_next/static/chunks/d0cdd_next_dist_compiled_react-dom_eb95f510._.js:6702:24)
    at runWithFiberInDEV (http://localhost:3000/_next/static/chunks/d0cdd_next_dist_compiled_react-dom_eb95f510._.js:959:74)
    at performUnitOfWork (http://localhost:3000/_next/static/chunks/d0cdd_next_dist_compiled_react-dom_eb95f510._.js:9556:97)
    at workLoopSync (http://localhost:3000/_next/static/chunks/d0cdd_next_dist_compiled_react-dom_eb95f510._.js:9450:40)
    at renderRootSync (http://localhost:3000/_next/static/chunks/d0cdd_next_dist_compiled_react-dom_eb95f510._.js:9434:13)
    at performWorkOnRoot (http://localhost:3000/_next/static/chunks/d0cdd_next_dist_compiled_react-dom_eb95f510._.js:9099:47)
    at performWorkOnRootViaSchedulerTask (http://localhost:3000/_next/static/chunks/d0cdd_next_dist_compiled_react-dom_eb95f510._.js:10224:9)
    at MessagePort.performWorkUntilDeadline (http://localhost:3000/_next/static/chunks/d0cdd_next_dist_compiled_12add5d0._.js:2647:64) @ http://localhost:3000/_next/static/chunks/d0cdd_next_dist_a61a7170._.js:3117
[  377082ms] [ERROR] IntlError: MISSING_MESSAGE: Could not resolve `dashboard.yourSchool` in messages for locale `en`.
    at getFallbackFromErrorAndNotify (http://localhost:3000/_next/static/chunks/d0cdd_4ffba7b3._.js:4168:23)
    at translateBaseFn (http://localhost:3000/_next/static/chunks/d0cdd_4ffba7b3._.js:4198:28)
    at translateFn (http://localhost:3000/_next/static/chunks/d0cdd_4ffba7b3._.js:4226:24)
    at http://localhost:3000/_next/static/chunks/Partner-Onboarding-3_8a00a553._.js:3712:67
    at Array.map (<anonymous>)
    at CoordinatorSchoolPage (http://localhost:3000/_next/static/chunks/Partner-Onboarding-3_8a00a553._.js:3671:40)
    at Object.react_stack_bottom_frame (http://localhost:3000/_next/static/chunks/d0cdd_next_dist_compiled_react-dom_eb95f510._.js:14816:24)
    at renderWithHooksAgain (http://localhost:3000/_next/static/chunks/d0cdd_next_dist_compiled_react-dom_eb95f510._.js:4700:24)
    at renderWithHooks (http://localhost:3000/_next/static/chunks/d0cdd_next_dist_compiled_react-dom_eb95f510._.js:4651:28)
    at updateFunctionComponent (http://localhost:3000/_next/static/chunks/d0cdd_next_dist_compiled_react-dom_eb95f510._.js:6106:21)
    at beginWork (http://localhost:3000/_next/static/chunks/d0cdd_next_dist_compiled_react-dom_eb95f510._.js:6702:24)
    at runWithFiberInDEV (http://localhost:3000/_next/static/chunks/d0cdd_next_dist_compiled_react-dom_eb95f510._.js:959:74)
    at performUnitOfWork (http://localhost:3000/_next/static/chunks/d0cdd_next_dist_compiled_react-dom_eb95f510._.js:9556:97)
    at workLoopSync (http://localhost:3000/_next/static/chunks/d0cdd_next_dist_compiled_react-dom_eb95f510._.js:9450:40)
    at renderRootSync (http://localhost:3000/_next/static/chunks/d0cdd_next_dist_compiled_react-dom_eb95f510._.js:9434:13)
    at performWorkOnRoot (http://localhost:3000/_next/static/chunks/d0cdd_next_dist_compiled_react-dom_eb95f510._.js:9099:47)
    at performWorkOnRootViaSchedulerTask (http://localhost:3000/_next/static/chunks/d0cdd_next_dist_compiled_react-dom_eb95f510._.js:10224:9)
    at MessagePort.performWorkUntilDeadline (http://localhost:3000/_next/static/chunks/d0cdd_next_dist_compiled_12add5d0._.js:2647:64) @ http://localhost:3000/_next/static/chunks/d0cdd_next_dist_a61a7170._.js:3117
[  377082ms] [ERROR] IntlError: MISSING_MESSAGE: Could not resolve `dashboard.yourSchool` in messages for locale `en`.
    at getFallbackFromErrorAndNotify (http://localhost:3000/_next/static/chunks/d0cdd_4ffba7b3._.js:4168:23)
    at translateBaseFn (http://localhost:3000/_next/static/chunks/d0cdd_4ffba7b3._.js:4198:28)
    at translateFn (http://localhost:3000/_next/static/chunks/d0cdd_4ffba7b3._.js:4226:24)
    at http://localhost:3000/_next/static/chunks/Partner-Onboarding-3_8a00a553._.js:3712:67
    at Array.map (<anonymous>)
    at CoordinatorSchoolPage (http://localhost:3000/_next/static/chunks/Partner-Onboarding-3_8a00a553._.js:3671:40)
    at Object.react_stack_bottom_frame (http://localhost:3000/_next/static/chunks/d0cdd_next_dist_compiled_react-dom_eb95f510._.js:14816:24)
    at renderWithHooksAgain (http://localhost:3000/_next/static/chunks/d0cdd_next_dist_compiled_react-dom_eb95f510._.js:4700:24)
    at renderWithHooks (http://localhost:3000/_next/static/chunks/d0cdd_next_dist_compiled_react-dom_eb95f510._.js:4651:28)
    at updateFunctionComponent (http://localhost:3000/_next/static/chunks/d0cdd_next_dist_compiled_react-dom_eb95f510._.js:6106:21)
    at beginWork (http://localhost:3000/_next/static/chunks/d0cdd_next_dist_compiled_react-dom_eb95f510._.js:6702:24)
    at runWithFiberInDEV (http://localhost:3000/_next/static/chunks/d0cdd_next_dist_compiled_react-dom_eb95f510._.js:959:74)
    at performUnitOfWork (http://localhost:3000/_next/static/chunks/d0cdd_next_dist_compiled_react-dom_eb95f510._.js:9556:97)
    at workLoopSync (http://localhost:3000/_next/static/chunks/d0cdd_next_dist_compiled_react-dom_eb95f510._.js:9450:40)
    at renderRootSync (http://localhost:3000/_next/static/chunks/d0cdd_next_dist_compiled_react-dom_eb95f510._.js:9434:13)
    at performWorkOnRoot (http://localhost:3000/_next/static/chunks/d0cdd_next_dist_compiled_react-dom_eb95f510._.js:9099:47)
    at performWorkOnRootViaSchedulerTask (http://localhost:3000/_next/static/chunks/d0cdd_next_dist_compiled_react-dom_eb95f510._.js:10224:9)
    at MessagePort.performWorkUntilDeadline (http://localhost:3000/_next/static/chunks/d0cdd_next_dist_compiled_12add5d0._.js:2647:64) @ http://localhost:3000/_next/static/chunks/d0cdd_next_dist_a61a7170._.js:3117
[  377083ms] [ERROR] IntlError: MISSING_MESSAGE: Could not resolve `dashboard.yourSchool` in messages for locale `en`.
    at getFallbackFromErrorAndNotify (http://localhost:3000/_next/static/chunks/d0cdd_4ffba7b3._.js:4168:23)
    at translateBaseFn (http://localhost:3000/_next/static/chunks/d0cdd_4ffba7b3._.js:4198:28)
    at translateFn (http://localhost:3000/_next/static/chunks/d0cdd_4ffba7b3._.js:4226:24)
    at http://localhost:3000/_next/static/chunks/Partner-Onboarding-3_8a00a553._.js:3712:67
    at Array.map (<anonymous>)
    at CoordinatorSchoolPage (http://localhost:3000/_next/static/chunks/Partner-Onboarding-3_8a00a553._.js:3671:40)
    at Object.react_stack_bottom_frame (http://localhost:3000/_next/static/chunks/d0cdd_next_dist_compiled_react-dom_eb95f510._.js:14816:24)
    at renderWithHooksAgain (http://localhost:3000/_next/static/chunks/d0cdd_next_dist_compiled_react-dom_eb95f510._.js:4700:24)
    at renderWithHooks (http://localhost:3000/_next/static/chunks/d0cdd_next_dist_compiled_react-dom_eb95f510._.js:4651:28)
    at updateFunctionComponent (http://localhost:3000/_next/static/chunks/d0cdd_next_dist_compiled_react-dom_eb95f510._.js:6106:21)
    at beginWork (http://localhost:3000/_next/static/chunks/d0cdd_next_dist_compiled_react-dom_eb95f510._.js:6702:24)
    at runWithFiberInDEV (http://localhost:3000/_next/static/chunks/d0cdd_next_dist_compiled_react-dom_eb95f510._.js:959:74)
    at performUnitOfWork (http://localhost:3000/_next/static/chunks/d0cdd_next_dist_compiled_react-dom_eb95f510._.js:9556:97)
    at workLoopSync (http://localhost:3000/_next/static/chunks/d0cdd_next_dist_compiled_react-dom_eb95f510._.js:9450:40)
    at renderRootSync (http://localhost:3000/_next/static/chunks/d0cdd_next_dist_compiled_react-dom_eb95f510._.js:9434:13)
    at performWorkOnRoot (http://localhost:3000/_next/static/chunks/d0cdd_next_dist_compiled_react-dom_eb95f510._.js:9099:47)
    at performWorkOnRootViaSchedulerTask (http://localhost:3000/_next/static/chunks/d0cdd_next_dist_compiled_react-dom_eb95f510._.js:10224:9)
    at MessagePort.performWorkUntilDeadline (http://localhost:3000/_next/static/chunks/d0cdd_next_dist_compiled_12add5d0._.js:2647:64) @ http://localhost:3000/_next/static/chunks/d0cdd_next_dist_a61a7170._.js:3117
[  377097ms] Error: Objects are not valid as a React child (found: object with keys {flag, name}). If you meant to render a collection of children, use an array instead.
    at throwOnInvalidObjectTypeImpl (http://localhost:3000/_next/static/chunks/d0cdd_next_dist_compiled_react-dom_eb95f510._.js:3945:15)
    at throwOnInvalidObjectType (http://localhost:3000/_next/static/chunks/d0cdd_next_dist_compiled_react-dom_eb95f510._.js:3949:110)
    at createChild (http://localhost:3000/_next/static/chunks/d0cdd_next_dist_compiled_react-dom_eb95f510._.js:4052:17)
    at reconcileChildrenArray (http://localhost:3000/_next/static/chunks/d0cdd_next_dist_compiled_react-dom_eb95f510._.js:4152:72)
    at reconcileChildFibersImpl (http://localhost:3000/_next/static/chunks/d0cdd_next_dist_compiled_react-dom_eb95f510._.js:4259:117)
    at http://localhost:3000/_next/static/chunks/d0cdd_next_dist_compiled_react-dom_eb95f510._.js:4286:39
    at reconcileChildren (http://localhost:3000/_next/static/chunks/d0cdd_next_dist_compiled_react-dom_eb95f510._.js:5923:51)
    at beginWork (http://localhost:3000/_next/static/chunks/d0cdd_next_dist_compiled_react-dom_eb95f510._.js:6769:1573)
    at runWithFiberInDEV (http://localhost:3000/_next/static/chunks/d0cdd_next_dist_compiled_react-dom_eb95f510._.js:959:74)
    at performUnitOfWork (http://localhost:3000/_next/static/chunks/d0cdd_next_dist_compiled_react-dom_eb95f510._.js:9556:97)
    at workLoopSync (http://localhost:3000/_next/static/chunks/d0cdd_next_dist_compiled_react-dom_eb95f510._.js:9450:40)
    at renderRootSync (http://localhost:3000/_next/static/chunks/d0cdd_next_dist_compiled_react-dom_eb95f510._.js:9434:13)
    at performWorkOnRoot (http://localhost:3000/_next/static/chunks/d0cdd_next_dist_compiled_react-dom_eb95f510._.js:9099:47)
    at performWorkOnRootViaSchedulerTask (http://localhost:3000/_next/static/chunks/d0cdd_next_dist_compiled_react-dom_eb95f510._.js:10224:9)
    at MessagePort.performWorkUntilDeadline (http://localhost:3000/_next/static/chunks/d0cdd_next_dist_compiled_12add5d0._.js:2647:64)
[  386367ms] Error: Objects are not valid as a React child (found: object with keys {flag, name}). If you meant to render a collection of children, use an array instead.
    at throwOnInvalidObjectTypeImpl (http://localhost:3000/_next/static/chunks/d0cdd_next_dist_compiled_react-dom_eb95f510._.js:3945:15)
    at throwOnInvalidObjectType (http://localhost:3000/_next/static/chunks/d0cdd_next_dist_compiled_react-dom_eb95f510._.js:3949:110)
    at createChild (http://localhost:3000/_next/static/chunks/d0cdd_next_dist_compiled_react-dom_eb95f510._.js:4052:17)
    at reconcileChildrenArray (http://localhost:3000/_next/static/chunks/d0cdd_next_dist_compiled_react-dom_eb95f510._.js:4152:72)
    at reconcileChildFibersImpl (http://localhost:3000/_next/static/chunks/d0cdd_next_dist_compiled_react-dom_eb95f510._.js:4259:117)
    at http://localhost:3000/_next/static/chunks/d0cdd_next_dist_compiled_react-dom_eb95f510._.js:4286:39
    at reconcileChildren (http://localhost:3000/_next/static/chunks/d0cdd_next_dist_compiled_react-dom_eb95f510._.js:5923:51)
    at beginWork (http://localhost:3000/_next/static/chunks/d0cdd_next_dist_compiled_react-dom_eb95f510._.js:6769:1573)
    at runWithFiberInDEV (http://localhost:3000/_next/static/chunks/d0cdd_next_dist_compiled_react-dom_eb95f510._.js:959:74)
    at performUnitOfWork (http://localhost:3000/_next/static/chunks/d0cdd_next_dist_compiled_react-dom_eb95f510._.js:9556:97)
    at workLoopSync (http://localhost:3000/_next/static/chunks/d0cdd_next_dist_compiled_react-dom_eb95f510._.js:9450:40)
    at renderRootSync (http://localhost:3000/_next/static/chunks/d0cdd_next_dist_compiled_react-dom_eb95f510._.js:9434:13)
    at performWorkOnRoot (http://localhost:3000/_next/static/chunks/d0cdd_next_dist_compiled_react-dom_eb95f510._.js:9099:47)
    at performWorkOnRootViaSchedulerTask (http://localhost:3000/_next/static/chunks/d0cdd_next_dist_compiled_react-dom_eb95f510._.js:10224:9)
    at MessagePort.performWorkUntilDeadline (http://localhost:3000/_next/static/chunks/d0cdd_next_dist_compiled_12add5d0._.js:2647:64)
[  387640ms] Error: Objects are not valid as a React child (found: object with keys {flag, name}). If you meant to render a collection of children, use an array instead.
    at throwOnInvalidObjectTypeImpl (http://localhost:3000/_next/static/chunks/d0cdd_next_dist_compiled_react-dom_eb95f510._.js:3945:15)
    at throwOnInvalidObjectType (http://localhost:3000/_next/static/chunks/d0cdd_next_dist_compiled_react-dom_eb95f510._.js:3949:110)
    at createChild (http://localhost:3000/_next/static/chunks/d0cdd_next_dist_compiled_react-dom_eb95f510._.js:4052:17)
    at reconcileChildrenArray (http://localhost:3000/_next/static/chunks/d0cdd_next_dist_compiled_react-dom_eb95f510._.js:4152:72)
    at reconcileChildFibersImpl (http://localhost:3000/_next/static/chunks/d0cdd_next_dist_compiled_react-dom_eb95f510._.js:4259:117)
    at http://localhost:3000/_next/static/chunks/d0cdd_next_dist_compiled_react-dom_eb95f510._.js:4286:39
    at reconcileChildren (http://localhost:3000/_next/static/chunks/d0cdd_next_dist_compiled_react-dom_eb95f510._.js:5923:51)
    at beginWork (http://localhost:3000/_next/static/chunks/d0cdd_next_dist_compiled_react-dom_eb95f510._.js:6769:1573)
    at runWithFiberInDEV (http://localhost:3000/_next/static/chunks/d0cdd_next_dist_compiled_react-dom_eb95f510._.js:959:74)
    at performUnitOfWork (http://localhost:3000/_next/static/chunks/d0cdd_next_dist_compiled_react-dom_eb95f510._.js:9556:97)
    at workLoopSync (http://localhost:3000/_next/static/chunks/d0cdd_next_dist_compiled_react-dom_eb95f510._.js:9450:40)
    at renderRootSync (http://localhost:3000/_next/static/chunks/d0cdd_next_dist_compiled_react-dom_eb95f510._.js:9434:13)
    at performWorkOnRoot (http://localhost:3000/_next/static/chunks/d0cdd_next_dist_compiled_react-dom_eb95f510._.js:9099:47)
    at performWorkOnRootViaSchedulerTask (http://localhost:3000/_next/static/chunks/d0cdd_next_dist_compiled_react-dom_eb95f510._.js:10224:9)
    at MessagePort.performWorkUntilDeadline (http://localhost:3000/_next/static/chunks/d0cdd_next_dist_compiled_12add5d0._.js:2647:64)
[  388789ms] Error: Objects are not valid as a React child (found: object with keys {flag, name}). If you meant to render a collection of children, use an array instead.
    at throwOnInvalidObjectTypeImpl (http://localhost:3000/_next/static/chunks/d0cdd_next_dist_compiled_react-dom_eb95f510._.js:3945:15)
    at throwOnInvalidObjectType (http://localhost:3000/_next/static/chunks/d0cdd_next_dist_compiled_react-dom_eb95f510._.js:3949:110)
    at createChild (http://localhost:3000/_next/static/chunks/d0cdd_next_dist_compiled_react-dom_eb95f510._.js:4052:17)
    at reconcileChildrenArray (http://localhost:3000/_next/static/chunks/d0cdd_next_dist_compiled_react-dom_eb95f510._.js:4152:72)
    at reconcileChildFibersImpl (http://localhost:3000/_next/static/chunks/d0cdd_next_dist_compiled_react-dom_eb95f510._.js:4259:117)
    at http://localhost:3000/_next/static/chunks/d0cdd_next_dist_compiled_react-dom_eb95f510._.js:4286:39
    at reconcileChildren (http://localhost:3000/_next/static/chunks/d0cdd_next_dist_compiled_react-dom_eb95f510._.js:5923:51)
    at beginWork (http://localhost:3000/_next/static/chunks/d0cdd_next_dist_compiled_react-dom_eb95f510._.js:6769:1573)
    at runWithFiberInDEV (http://localhost:3000/_next/static/chunks/d0cdd_next_dist_compiled_react-dom_eb95f510._.js:959:74)
    at performUnitOfWork (http://localhost:3000/_next/static/chunks/d0cdd_next_dist_compiled_react-dom_eb95f510._.js:9556:97)
    at workLoopSync (http://localhost:3000/_next/static/chunks/d0cdd_next_dist_compiled_react-dom_eb95f510._.js:9450:40)
    at renderRootSync (http://localhost:3000/_next/static/chunks/d0cdd_next_dist_compiled_react-dom_eb95f510._.js:9434:13)
    at performWorkOnRoot (http://localhost:3000/_next/static/chunks/d0cdd_next_dist_compiled_react-dom_eb95f510._.js:9099:47)
    at performWorkOnRootViaSchedulerTask (http://localhost:3000/_next/static/chunks/d0cdd_next_dist_compiled_react-dom_eb95f510._.js:10224:9)
    at MessagePort.performWorkUntilDeadline (http://localhost:3000/_next/static/chunks/d0cdd_next_dist_compiled_12add5d0._.js:2647:64)
[  390063ms] Error: Objects are not valid as a React child (found: object with keys {flag, name}). If you meant to render a collection of children, use an array instead.
    at throwOnInvalidObjectTypeImpl (http://localhost:3000/_next/static/chunks/d0cdd_next_dist_compiled_react-dom_eb95f510._.js:3945:15)
    at throwOnInvalidObjectType (http://localhost:3000/_next/static/chunks/d0cdd_next_dist_compiled_react-dom_eb95f510._.js:3949:110)
    at createChild (http://localhost:3000/_next/static/chunks/d0cdd_next_dist_compiled_react-dom_eb95f510._.js:4052:17)
    at reconcileChildrenArray (http://localhost:3000/_next/static/chunks/d0cdd_next_dist_compiled_react-dom_eb95f510._.js:4152:72)
    at reconcileChildFibersImpl (http://localhost:3000/_next/static/chunks/d0cdd_next_dist_compiled_react-dom_eb95f510._.js:4259:117)
    at http://localhost:3000/_next/static/chunks/d0cdd_next_dist_compiled_react-dom_eb95f510._.js:4286:39
    at reconcileChildren (http://localhost:3000/_next/static/chunks/d0cdd_next_dist_compiled_react-dom_eb95f510._.js:5923:51)
    at beginWork (http://localhost:3000/_next/static/chunks/d0cdd_next_dist_compiled_react-dom_eb95f510._.js:6769:1573)
    at runWithFiberInDEV (http://localhost:3000/_next/static/chunks/d0cdd_next_dist_compiled_react-dom_eb95f510._.js:959:74)
    at performUnitOfWork (http://localhost:3000/_next/static/chunks/d0cdd_next_dist_compiled_react-dom_eb95f510._.js:9556:97)
    at workLoopSync (http://localhost:3000/_next/static/chunks/d0cdd_next_dist_compiled_react-dom_eb95f510._.js:9450:40)
    at renderRootSync (http://localhost:3000/_next/static/chunks/d0cdd_next_dist_compiled_react-dom_eb95f510._.js:9434:13)
    at performWorkOnRoot (http://localhost:3000/_next/static/chunks/d0cdd_next_dist_compiled_react-dom_eb95f510._.js:9099:47)
    at performWorkOnRootViaSchedulerTask (http://localhost:3000/_next/static/chunks/d0cdd_next_dist_compiled_react-dom_eb95f510._.js:10224:9)
    at MessagePort.performWorkUntilDeadline (http://localhost:3000/_next/static/chunks/d0cdd_next_dist_compiled_12add5d0._.js:2647:64)
[  417721ms] [ERROR] A tree hydrated but some attributes of the server rendered HTML didn't match the client properties. This won't be patched up. This can happen if a SSR-ed Client Component used:

- A server/client branch `if (typeof window !== 'undefined')`.
- Variable input such as `Date.now()` or `Math.random()` which changes each time it's called.
- Date formatting in a user's locale which doesn't match the server.
- External changing data without sending a snapshot of it along with the HTML.
- Invalid HTML tag nesting.

It can also happen if the client has a browser extension installed which messes with the HTML before React loaded.

%s%s https://react.dev/link/hydration-mismatch 

  ...
    <MenuProvider scope={{Menu:[...], ...}} open={false} onOpenChange={function useCallbackRef.useMemo} content={null} ...>
      <MenuProvider scope={{Menu:[...], ...}} onClose={function Menu.useCallback} isUsingKeyboardRef={{current:false}} ...>
        <DropdownMenuTrigger asChild={true}>
          <DropdownMenuTrigger data-slot="dropdown-m..." asChild={true}>
            <MenuAnchor asChild={true} __scopeMenu={{Menu:[...], ...}}>
              <PopperAnchor __scopePopper={{Menu:[...], ...}} asChild={true} ref={null}>
                <Primitive.div asChild={true} ref={function}>
                  <Primitive.div.Slot ref={function}>
                    <Primitive.div.SlotClone ref={function}>
                      <Primitive.button type="button" id="radix-_R_3..." aria-haspopup="menu" aria-expanded={false} ...>
                        <Primitive.button.Slot type="button" id="radix-_R_3..." aria-haspopup="menu" ...>
                          <Primitive.button.SlotClone type="button" id="radix-_R_3..." aria-haspopup="menu" ...>
                            <Button variant="ghost" size="sm" className="gap-2" type="button" id="radix-_R_3..." ...>
                              <button
                                data-slot="dropdown-menu-trigger"
                                className={"inline-flex items-center justify-center whitespace-nowrap text-sm font-me..."}
                                type="button"
+                               id="radix-_R_3j5rd5rlb_"
-                               id="radix-_R_ed5rd5rlb_"
                                aria-haspopup="menu"
                                aria-expanded={false}
                                aria-controls={undefined}
                                data-state="closed"
                                data-disabled={undefined}
                                disabled={false}
                                onPointerDown={function handleEvent}
                                onKeyDown={function handleEvent}
                                ref={function}
                              >
        ...
 @ http://localhost:3000/_next/static/chunks/d0cdd_next_dist_a61a7170._.js:3117
[  417760ms] Error: Objects are not valid as a React child (found: object with keys {flag, name}). If you meant to render a collection of children, use an array instead.
    at throwOnInvalidObjectTypeImpl (http://localhost:3000/_next/static/chunks/d0cdd_next_dist_compiled_react-dom_eb95f510._.js:3945:15)
    at throwOnInvalidObjectType (http://localhost:3000/_next/static/chunks/d0cdd_next_dist_compiled_react-dom_eb95f510._.js:3949:110)
    at createChild (http://localhost:3000/_next/static/chunks/d0cdd_next_dist_compiled_react-dom_eb95f510._.js:4052:17)
    at reconcileChildrenArray (http://localhost:3000/_next/static/chunks/d0cdd_next_dist_compiled_react-dom_eb95f510._.js:4152:72)
    at reconcileChildFibersImpl (http://localhost:3000/_next/static/chunks/d0cdd_next_dist_compiled_react-dom_eb95f510._.js:4259:117)
    at http://localhost:3000/_next/static/chunks/d0cdd_next_dist_compiled_react-dom_eb95f510._.js:4286:39
    at reconcileChildren (http://localhost:3000/_next/static/chunks/d0cdd_next_dist_compiled_react-dom_eb95f510._.js:5923:51)
    at beginWork (http://localhost:3000/_next/static/chunks/d0cdd_next_dist_compiled_react-dom_eb95f510._.js:6769:1573)
    at runWithFiberInDEV (http://localhost:3000/_next/static/chunks/d0cdd_next_dist_compiled_react-dom_eb95f510._.js:959:74)
    at performUnitOfWork (http://localhost:3000/_next/static/chunks/d0cdd_next_dist_compiled_react-dom_eb95f510._.js:9556:97)
    at workLoopSync (http://localhost:3000/_next/static/chunks/d0cdd_next_dist_compiled_react-dom_eb95f510._.js:9450:40)
    at renderRootSync (http://localhost:3000/_next/static/chunks/d0cdd_next_dist_compiled_react-dom_eb95f510._.js:9434:13)
    at performWorkOnRoot (http://localhost:3000/_next/static/chunks/d0cdd_next_dist_compiled_react-dom_eb95f510._.js:9099:47)
    at performWorkOnRootViaSchedulerTask (http://localhost:3000/_next/static/chunks/d0cdd_next_dist_compiled_react-dom_eb95f510._.js:10224:9)
    at MessagePort.performWorkUntilDeadline (http://localhost:3000/_next/static/chunks/d0cdd_next_dist_compiled_12add5d0._.js:2647:64)
[  514933ms] [WARNING] Image with src "/crc/icons/article-12.png" has either width or height modified, but not the other. If you use CSS to change the size of your image, also include the styles 'width: "auto"' or 'height: "auto"' to maintain the aspect ratio. @ http://localhost:3000/_next/static/chunks/d0cdd_next_dist_a61a7170._.js:2287
[  516572ms] [WARNING] Image with src "/images/world-map.webp" has "fill" but is missing "sizes" prop. Please add it to improve page performance. Read more: https://nextjs.org/docs/api-reference/next/image#sizes @ http://localhost:3000/_next/static/chunks/d0cdd_next_dist_a61a7170._.js:2287
[  551188ms] Error: Objects are not valid as a React child (found: object with keys {flag, name}). If you meant to render a collection of children, use an array instead.
    at throwOnInvalidObjectTypeImpl (http://localhost:3000/_next/static/chunks/d0cdd_next_dist_compiled_react-dom_eb95f510._.js:3945:15)
    at throwOnInvalidObjectType (http://localhost:3000/_next/static/chunks/d0cdd_next_dist_compiled_react-dom_eb95f510._.js:3949:110)
    at createChild (http://localhost:3000/_next/static/chunks/d0cdd_next_dist_compiled_react-dom_eb95f510._.js:4052:17)
    at reconcileChildrenArray (http://localhost:3000/_next/static/chunks/d0cdd_next_dist_compiled_react-dom_eb95f510._.js:4152:72)
    at reconcileChildFibersImpl (http://localhost:3000/_next/static/chunks/d0cdd_next_dist_compiled_react-dom_eb95f510._.js:4259:117)
    at http://localhost:3000/_next/static/chunks/d0cdd_next_dist_compiled_react-dom_eb95f510._.js:4286:39
    at reconcileChildren (http://localhost:3000/_next/static/chunks/d0cdd_next_dist_compiled_react-dom_eb95f510._.js:5923:51)
    at beginWork (http://localhost:3000/_next/static/chunks/d0cdd_next_dist_compiled_react-dom_eb95f510._.js:6769:1573)
    at runWithFiberInDEV (http://localhost:3000/_next/static/chunks/d0cdd_next_dist_compiled_react-dom_eb95f510._.js:959:74)
    at performUnitOfWork (http://localhost:3000/_next/static/chunks/d0cdd_next_dist_compiled_react-dom_eb95f510._.js:9556:97)
    at workLoopSync (http://localhost:3000/_next/static/chunks/d0cdd_next_dist_compiled_react-dom_eb95f510._.js:9450:40)
    at renderRootSync (http://localhost:3000/_next/static/chunks/d0cdd_next_dist_compiled_react-dom_eb95f510._.js:9434:13)
    at performWorkOnRoot (http://localhost:3000/_next/static/chunks/d0cdd_next_dist_compiled_react-dom_eb95f510._.js:9099:47)
    at performWorkOnRootViaSchedulerTask (http://localhost:3000/_next/static/chunks/d0cdd_next_dist_compiled_react-dom_eb95f510._.js:10224:9)
    at MessagePort.performWorkUntilDeadline (http://localhost:3000/_next/static/chunks/d0cdd_next_dist_compiled_12add5d0._.js:2647:64)
[  787989ms] [WARNING] Image with src "/crc/icons/article-12.png" has either width or height modified, but not the other. If you use CSS to change the size of your image, also include the styles 'width: "auto"' or 'height: "auto"' to maintain the aspect ratio. @ http://localhost:3000/_next/static/chunks/d0cdd_next_dist_a61a7170._.js:2287
[  926605ms] Error: Objects are not valid as a React child (found: object with keys {flag, name}). If you meant to render a collection of children, use an array instead.
    at throwOnInvalidObjectTypeImpl (http://localhost:3000/_next/static/chunks/d0cdd_next_dist_compiled_react-dom_eb95f510._.js:3945:15)
    at throwOnInvalidObjectType (http://localhost:3000/_next/static/chunks/d0cdd_next_dist_compiled_react-dom_eb95f510._.js:3949:110)
    at createChild (http://localhost:3000/_next/static/chunks/d0cdd_next_dist_compiled_react-dom_eb95f510._.js:4052:17)
    at reconcileChildrenArray (http://localhost:3000/_next/static/chunks/d0cdd_next_dist_compiled_react-dom_eb95f510._.js:4152:72)
    at reconcileChildFibersImpl (http://localhost:3000/_next/static/chunks/d0cdd_next_dist_compiled_react-dom_eb95f510._.js:4259:117)
    at http://localhost:3000/_next/static/chunks/d0cdd_next_dist_compiled_react-dom_eb95f510._.js:4286:39
    at reconcileChildren (http://localhost:3000/_next/static/chunks/d0cdd_next_dist_compiled_react-dom_eb95f510._.js:5923:51)
    at beginWork (http://localhost:3000/_next/static/chunks/d0cdd_next_dist_compiled_react-dom_eb95f510._.js:6769:1573)
    at runWithFiberInDEV (http://localhost:3000/_next/static/chunks/d0cdd_next_dist_compiled_react-dom_eb95f510._.js:959:74)
    at performUnitOfWork (http://localhost:3000/_next/static/chunks/d0cdd_next_dist_compiled_react-dom_eb95f510._.js:9556:97)
    at workLoopSync (http://localhost:3000/_next/static/chunks/d0cdd_next_dist_compiled_react-dom_eb95f510._.js:9450:40)
    at renderRootSync (http://localhost:3000/_next/static/chunks/d0cdd_next_dist_compiled_react-dom_eb95f510._.js:9434:13)
    at performWorkOnRoot (http://localhost:3000/_next/static/chunks/d0cdd_next_dist_compiled_react-dom_eb95f510._.js:9099:47)
    at performWorkOnRootViaSchedulerTask (http://localhost:3000/_next/static/chunks/d0cdd_next_dist_compiled_react-dom_eb95f510._.js:10224:9)
    at MessagePort.performWorkUntilDeadline (http://localhost:3000/_next/static/chunks/d0cdd_next_dist_compiled_12add5d0._.js:2647:64)
[  953977ms] [WARNING] Image with src "/crc/icons/article-12.png" has either width or height modified, but not the other. If you use CSS to change the size of your image, also include the styles 'width: "auto"' or 'height: "auto"' to maintain the aspect ratio. @ http://localhost:3000/_next/static/chunks/d0cdd_next_dist_a61a7170._.js:2287
[  994081ms] [WARNING] Image with src "/images/world-map.webp" has "fill" but is missing "sizes" prop. Please add it to improve page performance. Read more: https://nextjs.org/docs/api-reference/next/image#sizes @ http://localhost:3000/_next/static/chunks/d0cdd_next_dist_a61a7170._.js:2287
[ 1017687ms] Error: Objects are not valid as a React child (found: object with keys {flag, name}). If you meant to render a collection of children, use an array instead.
    at throwOnInvalidObjectTypeImpl (http://localhost:3000/_next/static/chunks/d0cdd_next_dist_compiled_react-dom_eb95f510._.js:3945:15)
    at throwOnInvalidObjectType (http://localhost:3000/_next/static/chunks/d0cdd_next_dist_compiled_react-dom_eb95f510._.js:3949:110)
    at createChild (http://localhost:3000/_next/static/chunks/d0cdd_next_dist_compiled_react-dom_eb95f510._.js:4052:17)
    at reconcileChildrenArray (http://localhost:3000/_next/static/chunks/d0cdd_next_dist_compiled_react-dom_eb95f510._.js:4152:72)
    at reconcileChildFibersImpl (http://localhost:3000/_next/static/chunks/d0cdd_next_dist_compiled_react-dom_eb95f510._.js:4259:117)
    at http://localhost:3000/_next/static/chunks/d0cdd_next_dist_compiled_react-dom_eb95f510._.js:4286:39
    at reconcileChildren (http://localhost:3000/_next/static/chunks/d0cdd_next_dist_compiled_react-dom_eb95f510._.js:5923:51)
    at beginWork (http://localhost:3000/_next/static/chunks/d0cdd_next_dist_compiled_react-dom_eb95f510._.js:6769:1573)
    at runWithFiberInDEV (http://localhost:3000/_next/static/chunks/d0cdd_next_dist_compiled_react-dom_eb95f510._.js:959:74)
    at performUnitOfWork (http://localhost:3000/_next/static/chunks/d0cdd_next_dist_compiled_react-dom_eb95f510._.js:9556:97)
    at workLoopSync (http://localhost:3000/_next/static/chunks/d0cdd_next_dist_compiled_react-dom_eb95f510._.js:9450:40)
    at renderRootSync (http://localhost:3000/_next/static/chunks/d0cdd_next_dist_compiled_react-dom_eb95f510._.js:9434:13)
    at performWorkOnRoot (http://localhost:3000/_next/static/chunks/d0cdd_next_dist_compiled_react-dom_eb95f510._.js:9099:47)
    at performWorkOnRootViaSchedulerTask (http://localhost:3000/_next/static/chunks/d0cdd_next_dist_compiled_react-dom_eb95f510._.js:10224:9)
    at MessagePort.performWorkUntilDeadline (http://localhost:3000/_next/static/chunks/d0cdd_next_dist_compiled_12add5d0._.js:2647:64)
[ 1027942ms] Error: Objects are not valid as a React child (found: object with keys {flag, name}). If you meant to render a collection of children, use an array instead.
    at throwOnInvalidObjectTypeImpl (http://localhost:3000/_next/static/chunks/d0cdd_next_dist_compiled_react-dom_eb95f510._.js:3945:15)
    at throwOnInvalidObjectType (http://localhost:3000/_next/static/chunks/d0cdd_next_dist_compiled_react-dom_eb95f510._.js:3949:110)
    at createChild (http://localhost:3000/_next/static/chunks/d0cdd_next_dist_compiled_react-dom_eb95f510._.js:4052:17)
    at reconcileChildrenArray (http://localhost:3000/_next/static/chunks/d0cdd_next_dist_compiled_react-dom_eb95f510._.js:4152:72)
    at reconcileChildFibersImpl (http://localhost:3000/_next/static/chunks/d0cdd_next_dist_compiled_react-dom_eb95f510._.js:4259:117)
    at http://localhost:3000/_next/static/chunks/d0cdd_next_dist_compiled_react-dom_eb95f510._.js:4286:39
    at reconcileChildren (http://localhost:3000/_next/static/chunks/d0cdd_next_dist_compiled_react-dom_eb95f510._.js:5923:51)
    at beginWork (http://localhost:3000/_next/static/chunks/d0cdd_next_dist_compiled_react-dom_eb95f510._.js:6769:1573)
    at runWithFiberInDEV (http://localhost:3000/_next/static/chunks/d0cdd_next_dist_compiled_react-dom_eb95f510._.js:959:74)
    at performUnitOfWork (http://localhost:3000/_next/static/chunks/d0cdd_next_dist_compiled_react-dom_eb95f510._.js:9556:97)
    at workLoopSync (http://localhost:3000/_next/static/chunks/d0cdd_next_dist_compiled_react-dom_eb95f510._.js:9450:40)
    at renderRootSync (http://localhost:3000/_next/static/chunks/d0cdd_next_dist_compiled_react-dom_eb95f510._.js:9434:13)
    at performWorkOnRoot (http://localhost:3000/_next/static/chunks/d0cdd_next_dist_compiled_react-dom_eb95f510._.js:9099:47)
    at performWorkOnRootViaSchedulerTask (http://localhost:3000/_next/static/chunks/d0cdd_next_dist_compiled_react-dom_eb95f510._.js:10224:9)
    at MessagePort.performWorkUntilDeadline (http://localhost:3000/_next/static/chunks/d0cdd_next_dist_compiled_12add5d0._.js:2647:64)
[ 1083817ms] [WARNING] Image with src "/crc/icons/article-12.png" has either width or height modified, but not the other. If you use CSS to change the size of your image, also include the styles 'width: "auto"' or 'height: "auto"' to maintain the aspect ratio. @ http://localhost:3000/_next/static/chunks/d0cdd_next_dist_a61a7170._.js:2287
[ 1085243ms] [WARNING] Image with src "/images/world-map.webp" has "fill" but is missing "sizes" prop. Please add it to improve page performance. Read more: https://nextjs.org/docs/api-reference/next/image#sizes @ http://localhost:3000/_next/static/chunks/d0cdd_next_dist_a61a7170._.js:2287
[ 1093809ms] [WARNING] Image with src "/partners/save-the-children-logo.png" has either width or height modified, but not the other. If you use CSS to change the size of your image, also include the styles 'width: "auto"' or 'height: "auto"' to maintain the aspect ratio. @ http://localhost:3000/_next/static/chunks/d0cdd_next_dist_a61a7170._.js:2287
[ 2158243ms] Error: Objects are not valid as a React child (found: object with keys {flag, name}). If you meant to render a collection of children, use an array instead.
    at throwOnInvalidObjectTypeImpl (http://localhost:3000/_next/static/chunks/d0cdd_next_dist_compiled_react-dom_eb95f510._.js:3945:15)
    at throwOnInvalidObjectType (http://localhost:3000/_next/static/chunks/d0cdd_next_dist_compiled_react-dom_eb95f510._.js:3949:110)
    at createChild (http://localhost:3000/_next/static/chunks/d0cdd_next_dist_compiled_react-dom_eb95f510._.js:4052:17)
    at reconcileChildrenArray (http://localhost:3000/_next/static/chunks/d0cdd_next_dist_compiled_react-dom_eb95f510._.js:4152:72)
    at reconcileChildFibersImpl (http://localhost:3000/_next/static/chunks/d0cdd_next_dist_compiled_react-dom_eb95f510._.js:4259:117)
    at http://localhost:3000/_next/static/chunks/d0cdd_next_dist_compiled_react-dom_eb95f510._.js:4286:39
    at reconcileChildren (http://localhost:3000/_next/static/chunks/d0cdd_next_dist_compiled_react-dom_eb95f510._.js:5923:51)
    at beginWork (http://localhost:3000/_next/static/chunks/d0cdd_next_dist_compiled_react-dom_eb95f510._.js:6769:1573)
    at runWithFiberInDEV (http://localhost:3000/_next/static/chunks/d0cdd_next_dist_compiled_react-dom_eb95f510._.js:959:74)
    at performUnitOfWork (http://localhost:3000/_next/static/chunks/d0cdd_next_dist_compiled_react-dom_eb95f510._.js:9556:97)
    at workLoopSync (http://localhost:3000/_next/static/chunks/d0cdd_next_dist_compiled_react-dom_eb95f510._.js:9450:40)
    at renderRootSync (http://localhost:3000/_next/static/chunks/d0cdd_next_dist_compiled_react-dom_eb95f510._.js:9434:13)
    at performWorkOnRoot (http://localhost:3000/_next/static/chunks/d0cdd_next_dist_compiled_react-dom_eb95f510._.js:9099:47)
    at performWorkOnRootViaSchedulerTask (http://localhost:3000/_next/static/chunks/d0cdd_next_dist_compiled_react-dom_eb95f510._.js:10224:9)
    at MessagePort.performWorkUntilDeadline (http://localhost:3000/_next/static/chunks/d0cdd_next_dist_compiled_12add5d0._.js:2647:64)
[ 2184774ms] [WARNING] Image with src "/crc/icons/article-12.png" has either width or height modified, but not the other. If you use CSS to change the size of your image, also include the styles 'width: "auto"' or 'height: "auto"' to maintain the aspect ratio. @ http://localhost:3000/_next/static/chunks/d0cdd_next_dist_a61a7170._.js:2287
[ 2186999ms] [WARNING] Image with src "/images/world-map.webp" has "fill" but is missing "sizes" prop. Please add it to improve page performance. Read more: https://nextjs.org/docs/api-reference/next/image#sizes @ http://localhost:3000/_next/static/chunks/d0cdd_next_dist_a61a7170._.js:2287
