[    4340ms] [WARNING] Image with src "/partners/unicef-logo.png" has either width or height modified, but not the other. If you use CSS to change the size of your image, also include the styles 'width: "auto"' or 'height: "auto"' to maintain the aspect ratio. @ http://localhost:3000/_next/static/chunks/d0cdd_next_dist_a61a7170._.js:2287
[    4345ms] [WARNING] Image with src "/partners/save-the-children-logo.png" has either width or height modified, but not the other. If you use CSS to change the size of your image, also include the styles 'width: "auto"' or 'height: "auto"' to maintain the aspect ratio. @ http://localhost:3000/_next/static/chunks/d0cdd_next_dist_a61a7170._.js:2287
[   17289ms] Error: Objects are not valid as a React child (found: object with keys {flag, name}). If you meant to render a collection of children, use an array instead.
    at throwOnInvalidObjectTypeImpl (http://localhost:3000/_next/static/chunks/d0cdd_next_dist_compiled_react-dom_eb95f510._.js:3945:15)
    at throwOnInvalidObjectType (http://localhost:3000/_next/static/chunks/d0cdd_next_dist_compiled_react-dom_eb95f510._.js:3949:110)
    at createChild (http://localhost:3000/_next/static/chunks/d0cdd_next_dist_compiled_react-dom_eb95f510._.js:4052:17)
    at reconcileChildrenArray (http://localhost:3000/_next/static/chunks/d0cdd_next_dist_compiled_react-dom_eb95f510._.js:4152:72)
    at reconcileChildFibersImpl (http://localhost:3000/_next/static/chunks/d0cdd_next_dist_compiled_react-dom_eb95f510._.js:4259:117)
    at http://localhost:3000/_next/static/chunks/d0cdd_next_dist_compiled_react-dom_eb95f510._.js:4286:39
    at reconcileChildren (http://localhost:3000/_next/static/chunks/d0cdd_next_dist_compiled_react-dom_eb95f510._.js:5923:51)
    at beginWork (http://localhost:3000/_next/static/chunks/d0cdd_next_dist_compiled_react-dom_eb95f510._.js:6769:1573)
    at runWithFiberInDEV (http://localhost:3000/_next/static/chunks/d0cdd_next_dist_compiled_react-dom_eb95f510._.js:959:74)
    at performUnitOfWork (http://localhost:3000/_next/static/chunks/d0cdd_next_dist_compiled_react-dom_eb95f510._.js:9556:97)
    at workLoopSync (http://localhost:3000/_next/static/chunks/d0cdd_next_dist_compiled_react-dom_eb95f510._.js:9450:40)
    at renderRootSync (http://localhost:3000/_next/static/chunks/d0cdd_next_dist_compiled_react-dom_eb95f510._.js:9434:13)
    at performWorkOnRoot (http://localhost:3000/_next/static/chunks/d0cdd_next_dist_compiled_react-dom_eb95f510._.js:9099:47)
    at performWorkOnRootViaSchedulerTask (http://localhost:3000/_next/static/chunks/d0cdd_next_dist_compiled_react-dom_eb95f510._.js:10224:9)
    at MessagePort.performWorkUntilDeadline (http://localhost:3000/_next/static/chunks/d0cdd_next_dist_compiled_12add5d0._.js:2647:64)
[   24833ms] [WARNING] [Fast Refresh] performing full reload because your application had an unrecoverable error @ http://localhost:3000/_next/static/chunks/d0cdd_next_dist_a61a7170._.js:2287
[   27224ms] Error: Objects are not valid as a React child (found: object with keys {flag, name}). If you meant to render a collection of children, use an array instead.
    at throwOnInvalidObjectTypeImpl (http://localhost:3000/_next/static/chunks/d0cdd_next_dist_compiled_react-dom_eb95f510._.js:3945:15)
    at throwOnInvalidObjectType (http://localhost:3000/_next/static/chunks/d0cdd_next_dist_compiled_react-dom_eb95f510._.js:3949:110)
    at createChild (http://localhost:3000/_next/static/chunks/d0cdd_next_dist_compiled_react-dom_eb95f510._.js:4052:17)
    at reconcileChildrenArray (http://localhost:3000/_next/static/chunks/d0cdd_next_dist_compiled_react-dom_eb95f510._.js:4152:72)
    at reconcileChildFibersImpl (http://localhost:3000/_next/static/chunks/d0cdd_next_dist_compiled_react-dom_eb95f510._.js:4259:117)
    at http://localhost:3000/_next/static/chunks/d0cdd_next_dist_compiled_react-dom_eb95f510._.js:4286:39
    at reconcileChildren (http://localhost:3000/_next/static/chunks/d0cdd_next_dist_compiled_react-dom_eb95f510._.js:5923:51)
    at beginWork (http://localhost:3000/_next/static/chunks/d0cdd_next_dist_compiled_react-dom_eb95f510._.js:6769:1573)
    at runWithFiberInDEV (http://localhost:3000/_next/static/chunks/d0cdd_next_dist_compiled_react-dom_eb95f510._.js:959:74)
    at performUnitOfWork (http://localhost:3000/_next/static/chunks/d0cdd_next_dist_compiled_react-dom_eb95f510._.js:9556:97)
    at workLoopSync (http://localhost:3000/_next/static/chunks/d0cdd_next_dist_compiled_react-dom_eb95f510._.js:9450:40)
    at renderRootSync (http://localhost:3000/_next/static/chunks/d0cdd_next_dist_compiled_react-dom_eb95f510._.js:9434:13)
    at performWorkOnRoot (http://localhost:3000/_next/static/chunks/d0cdd_next_dist_compiled_react-dom_eb95f510._.js:9099:47)
    at performWorkOnRootViaSchedulerTask (http://localhost:3000/_next/static/chunks/d0cdd_next_dist_compiled_react-dom_eb95f510._.js:10224:9)
    at MessagePort.performWorkUntilDeadline (http://localhost:3000/_next/static/chunks/d0cdd_next_dist_compiled_12add5d0._.js:2647:64)
